# JRE version: OpenJDK Runtime Environment (8.0_242-b01) (build 1.8.0_242-release-1644-b01)
# Java VM: OpenJDK 64-Bit Server VM (25.242-b01 mixed mode windows-amd64 compressed oops)
Heap:
 PSYoungGen      total 20992K, used 8593K [0x00000000e0000000, 0x00000000e1980000, 0x0000000100000000)
  eden space 15872K, 31% used [0x00000000e0000000,0x00000000e04e13f8,0x00000000e0f80000)
  from space 5120K, 70% used [0x00000000e0f80000,0x00000000e13033f0,0x00000000e1480000)
  to   space 5120K, 0% used [0x00000000e1480000,0x00000000e1480000,0x00000000e1980000)
 ParOldGen       total 44032K, used 4469K [0x00000000a0000000, 0x00000000a2b00000, 0x00000000e0000000)
  object space 44032K, 10% used [0x00000000a0000000,0x00000000a045d760,0x00000000a2b00000)
 Metaspace       used 13971K, capacity 14308K, committed 14464K, reserved 1060864K
  class space    used 1920K, capacity 2068K, committed 2176K, reserved 1048576K
GC Heap History (10 events):
Event: 20.342 GC heap before
{Heap before GC invocations=3 (full 0):
 PSYoungGen      total 18944K, used 18933K [0x00000000e0000000, 0x00000000e1500000, 0x0000000100000000)
  eden space 16384K, 100% used [0x00000000e0000000,0x00000000e1000000,0x00000000e1000000)
  from space 2560K, 99% used [0x00000000e1280000,0x00000000e14fd480,0x00000000e1500000)
  to   space 2560K, 0% used [0x00000000e1000000,0x00000000e1000000,0x00000000e1280000)
 ParOldGen       total 44032K, used 763K [0x00000000a0000000, 0x00000000a2b00000, 0x00000000e0000000)
  object space 44032K, 1% used [0x00000000a0000000,0x00000000a00bef28,0x00000000a2b00000)
 Metaspace       used 7226K, capacity 7418K, committed 7680K, reserved 1056768K
  class space    used 872K, capacity 942K, committed 1024K, reserved 1048576K
Event: 20.347 GC heap after
Heap after GC invocations=3 (full 0):
 PSYoungGen      total 18944K, used 2240K [0x00000000e0000000, 0x00000000e1500000, 0x0000000100000000)
  eden space 16384K, 0% used [0x00000000e0000000,0x00000000e0000000,0x00000000e1000000)
  from space 2560K, 87% used [0x00000000e1000000,0x00000000e1230000,0x00000000e1280000)
  to   space 2560K, 0% used [0x00000000e1280000,0x00000000e1280000,0x00000000e1500000)
 ParOldGen       total 44032K, used 771K [0x00000000a0000000, 0x00000000a2b00000, 0x00000000e0000000)
  object space 44032K, 1% used [0x00000000a0000000,0x00000000a00c0f28,0x00000000a2b00000)
 Metaspace       used 7226K, capacity 7418K, committed 7680K, reserved 1056768K
  class space    used 872K, capacity 942K, committed 1024K, reserved 1048576K
}
Event: 28.293 GC heap before
{Heap before GC invocations=4 (full 0):
 PSYoungGen      total 18944K, used 18624K [0x00000000e0000000, 0x00000000e1500000, 0x0000000100000000)
  eden space 16384K, 100% used [0x00000000e0000000,0x00000000e1000000,0x00000000e1000000)
  from space 2560K, 87% used [0x00000000e1000000,0x00000000e1230000,0x00000000e1280000)
  to   space 2560K, 0% used [0x00000000e1280000,0x00000000e1280000,0x00000000e1500000)
 ParOldGen       total 44032K, used 771K [0x00000000a0000000, 0x00000000a2b00000, 0x00000000e0000000)
  object space 44032K, 1% used [0x00000000a0000000,0x00000000a00c0f28,0x00000000a2b00000)
 Metaspace       used 7438K, capacity 7730K, committed 7936K, reserved 1056768K
  class space    used 902K, capacity 982K, committed 1024K, reserved 1048576K
Event: 28.298 GC heap after
Heap after GC invocations=4 (full 0):
 PSYoungGen      total 18944K, used 2560K [0x00000000e0000000, 0x00000000e1500000, 0x0000000100000000)
  eden space 16384K, 0% used [0x00000000e0000000,0x00000000e0000000,0x00000000e1000000)
  from space 2560K, 100% used [0x00000000e1280000,0x00000000e1500000,0x00000000e1500000)
  to   space 2560K, 0% used [0x00000000e1000000,0x00000000e1000000,0x00000000e1280000)
 ParOldGen       total 44032K, used 1403K [0x00000000a0000000, 0x00000000a2b00000, 0x00000000e0000000)
  object space 44032K, 3% used [0x00000000a0000000,0x00000000a015eca8,0x00000000a2b00000)
 Metaspace       used 7438K, capacity 7730K, committed 7936K, reserved 1056768K
  class space    used 902K, capacity 982K, committed 1024K, reserved 1048576K
}
Event: 36.528 GC heap before
{Heap before GC invocations=5 (full 0):
 PSYoungGen      total 18944K, used 18944K [0x00000000e0000000, 0x00000000e1500000, 0x0000000100000000)
  eden space 16384K, 100% used [0x00000000e0000000,0x00000000e1000000,0x00000000e1000000)
  from space 2560K, 100% used [0x00000000e1280000,0x00000000e1500000,0x00000000e1500000)
  to   space 2560K, 0% used [0x00000000e1000000,0x00000000e1000000,0x00000000e1280000)
 ParOldGen       total 44032K, used 1403K [0x00000000a0000000, 0x00000000a2b00000, 0x00000000e0000000)
  object space 44032K, 3% used [0x00000000a0000000,0x00000000a015eca8,0x00000000a2b00000)
 Metaspace       used 9099K, capacity 9276K, committed 9472K, reserved 1056768K
  class space    used 1164K, capacity 1244K, committed 1280K, reserved 1048576K
Event: 36.541 GC heap after
Heap after GC invocations=5 (full 0):
 PSYoungGen      total 18944K, used 2528K [0x00000000e0000000, 0x00000000e1900000, 0x0000000100000000)
  eden space 16384K, 0% used [0x00000000e0000000,0x00000000e0000000,0x00000000e1000000)
  from space 2560K, 98% used [0x00000000e1000000,0x00000000e1278020,0x00000000e1280000)
  to   space 4608K, 0% used [0x00000000e1480000,0x00000000e1480000,0x00000000e1900000)
 ParOldGen       total 44032K, used 2974K [0x00000000a0000000, 0x00000000a2b00000, 0x00000000e0000000)
  object space 44032K, 6% used [0x00000000a0000000,0x00000000a02e7be8,0x00000000a2b00000)
 Metaspace       used 9099K, capacity 9276K, committed 9472K, reserved 1056768K
  class space    used 1164K, capacity 1244K, committed 1280K, reserved 1048576K
}
Event: 46.101 GC heap before
{Heap before GC invocations=6 (full 0):
 PSYoungGen      total 18944K, used 18912K [0x00000000e0000000, 0x00000000e1900000, 0x0000000100000000)
  eden space 16384K, 100% used [0x00000000e0000000,0x00000000e1000000,0x00000000e1000000)
  from space 2560K, 98% used [0x00000000e1000000,0x00000000e1278020,0x00000000e1280000)
  to   space 4608K, 0% used [0x00000000e1480000,0x00000000e1480000,0x00000000e1900000)
 ParOldGen       total 44032K, used 2974K [0x00000000a0000000, 0x00000000a2b00000, 0x00000000e0000000)
  object space 44032K, 6% used [0x00000000a0000000,0x00000000a02e7be8,0x00000000a2b00000)
 Metaspace       used 11988K, capacity 12350K, committed 12544K, reserved 1060864K
  class space    used 1600K, capacity 1713K, committed 1792K, reserved 1048576K
Event: 46.119 GC heap after
Heap after GC invocations=6 (full 0):
 PSYoungGen      total 20480K, used 4608K [0x00000000e0000000, 0x00000000e1a00000, 0x0000000100000000)
  eden space 15872K, 0% used [0x00000000e0000000,0x00000000e0000000,0x00000000e0f80000)
  from space 4608K, 100% used [0x00000000e1480000,0x00000000e1900000,0x00000000e1900000)
  to   space 5120K, 0% used [0x00000000e0f80000,0x00000000e0f80000,0x00000000e1480000)
 ParOldGen       total 44032K, used 3009K [0x00000000a0000000, 0x00000000a2b00000, 0x00000000e0000000)
  object space 44032K, 6% used [0x00000000a0000000,0x00000000a02f0700,0x00000000a2b00000)
 Metaspace       used 11988K, capacity 12350K, committed 12544K, reserved 1060864K
  class space    used 1600K, capacity 1713K, committed 1792K, reserved 1048576K
}
Event: 55.315 GC heap before
{Heap before GC invocations=7 (full 0):
 PSYoungGen      total 20480K, used 20480K [0x00000000e0000000, 0x00000000e1a00000, 0x0000000100000000)
  eden space 15872K, 100% used [0x00000000e0000000,0x00000000e0f80000,0x00000000e0f80000)
  from space 4608K, 100% used [0x00000000e1480000,0x00000000e1900000,0x00000000e1900000)
  to   space 5120K, 0% used [0x00000000e0f80000,0x00000000e0f80000,0x00000000e1480000)
 ParOldGen       total 44032K, used 3009K [0x00000000a0000000, 0x00000000a2b00000, 0x00000000e0000000)
  object space 44032K, 6% used [0x00000000a0000000,0x00000000a02f0700,0x00000000a2b00000)
 Metaspace       used 13354K, capacity 13732K, committed 14080K, reserved 1060864K
  class space    used 1818K, capacity 1940K, committed 2048K, reserved 1048576K
Event: 55.325 GC heap after
Heap after GC invocations=7 (full 0):
 PSYoungGen      total 20992K, used 3596K [0x00000000e0000000, 0x00000000e1980000, 0x0000000100000000)
  eden space 15872K, 0% used [0x00000000e0000000,0x00000000e0000000,0x00000000e0f80000)
  from space 5120K, 70% used [0x00000000e0f80000,0x00000000e13033f0,0x00000000e1480000)
  to   space 5120K, 0% used [0x00000000e1480000,0x00000000e1480000,0x00000000e1980000)
 ParOldGen       total 44032K, used 4469K [0x00000000a0000000, 0x00000000a2b00000, 0x00000000e0000000)
  object space 44032K, 10% used [0x00000000a0000000,0x00000000a045d760,0x00000000a2b00000)
 Metaspace       used 13354K, capacity 13732K, committed 14080K, reserved 1060864K
  class space    used 1818K, capacity 1940K, committed 2048K, reserved 1048576K
}

